[debug] [2026-02-25T01:25:52.497Z] ----------------------------------------------------------------------
[debug] [2026-02-25T01:25:52.499Z] Command:       C:\Program Files\nodeJS\node.exe C:\Users\gerar\Proyectos\landing-page-ecoamazonico\node_modules\firebase-tools\lib\bin\firebase.js projects:list
[debug] [2026-02-25T01:25:52.499Z] CLI Version:   15.6.0
[debug] [2026-02-25T01:25:52.499Z] Platform:      win32
[debug] [2026-02-25T01:25:52.499Z] Node Version:  v22.14.0
[debug] [2026-02-25T01:25:52.499Z] Time:          Tue Feb 24 2026 20:25:52 GMT-0500 (hora estándar de Perú)
[debug] [2026-02-25T01:25:52.500Z] ----------------------------------------------------------------------
[debug] 
[debug] [2026-02-25T01:25:52.501Z] >>> [apiv2][query] GET https://firebase-public.firebaseio.com/cli.json [none]
[debug] [2026-02-25T01:25:52.686Z] > command requires scopes: ["email","openid","https://www.googleapis.com/auth/cloudplatformprojects.readonly","https://www.googleapis.com/auth/firebase","https://www.googleapis.com/auth/cloud-platform"]
[debug] [2026-02-25T01:25:52.686Z] > authorizing via signed-in user (gerardogonzalezm1403@gmail.com)
[debug] [2026-02-25T01:25:52.689Z] Checked if tokens are valid: false, expires at: 1771214770014
[debug] [2026-02-25T01:25:52.690Z] Checked if tokens are valid: false, expires at: 1771214770014
[debug] [2026-02-25T01:25:52.690Z] > refreshing access token with scopes: []
[debug] [2026-02-25T01:25:52.690Z] >>> [apiv2][query] POST https://www.googleapis.com/oauth2/v3/token [none]
[debug] [2026-02-25T01:25:52.690Z] >>> [apiv2][body] POST https://www.googleapis.com/oauth2/v3/token [omitted]
[debug] [2026-02-25T01:25:52.944Z] <<< [apiv2][status] POST https://www.googleapis.com/oauth2/v3/token 200
[debug] [2026-02-25T01:25:52.944Z] <<< [apiv2][body] POST https://www.googleapis.com/oauth2/v3/token [omitted]
[error] Authentication Error: Your credentials are no longer valid. Please run firebase login --reauth

For CI servers and headless environments, generate a new token with firebase login:ci
[debug] [2026-02-25T01:25:52.946Z] Authentication Error: Your credentials are no longer valid. Please run firebase login --reauth

For CI servers and headless environments, generate a new token with firebase login:ci
[debug] [2026-02-25T01:25:53.156Z] FirebaseError: Authentication Error: Your credentials are no longer valid. Please run firebase login --reauth

For CI servers and headless environments, generate a new token with firebase login:ci
    at invalidCredentialError (C:\Users\gerar\Proyectos\landing-page-ecoamazonico\node_modules\firebase-tools\lib\auth.js:177:12)
    at refreshTokens (C:\Users\gerar\Proyectos\landing-page-ecoamazonico\node_modules\firebase-tools\lib\auth.js:590:15)
    at process.processTicksAndRejections (node:internal/process/task_queues:105:5)
    at async getAccessToken (C:\Users\gerar\Proyectos\landing-page-ecoamazonico\node_modules\firebase-tools\lib\apiv2.js:49:18)
    at async Client.addAuthHeader (C:\Users\gerar\Proyectos\landing-page-ecoamazonico\node_modules\firebase-tools\lib\apiv2.js:179:21)
    at async Client.request (C:\Users\gerar\Proyectos\landing-page-ecoamazonico\node_modules\firebase-tools\lib\apiv2.js:126:34)
    at async getProjectPage (C:\Users\gerar\Proyectos\landing-page-ecoamazonico\node_modules\firebase-tools\lib\management\projects.js:287:17)
    at async getFirebaseProjectPage (C:\Users\gerar\Proyectos\landing-page-ecoamazonico\node_modules\firebase-tools\lib\management\projects.js:304:23)
    at async listFirebaseProjects (C:\Users\gerar\Proyectos\landing-page-ecoamazonico\node_modules\firebase-tools\lib\management\projects.js:333:29)
    at async Command.actionFn (C:\Users\gerar\Proyectos\landing-page-ecoamazonico\node_modules\firebase-tools\lib\commands\projects-list.js:51:20)
[error] 
[error] Error: Failed to list Firebase projects. See firebase-debug.log for more info.
[debug] [2026-02-25T01:25:53.163Z] <<< [apiv2][status] GET https://firebase-public.firebaseio.com/cli.json 200
[debug] [2026-02-25T01:25:53.163Z] <<< [apiv2][body] GET https://firebase-public.firebaseio.com/cli.json {"cloudBuildErrorAfter":1594252800000,"cloudBuildWarnAfter":1590019200000,"defaultNode10After":1594252800000,"minVersion":"3.0.5","node8DeploysDisabledAfter":1613390400000,"node8RuntimeDisabledAfter":1615809600000,"node8WarnAfter":1600128000000}
[warn] !  Unable to fetch the CLI MOTD and remote config. This is not a fatal error, but may indicate an issue with your network connection. 
[debug] [2026-02-25T01:25:53.165Z] Failed to fetch MOTD Error: EPERM: operation not permitted, open 'C:\Users\gerar\.config\configstore\firebase-tools.json.1502210350'
[debug] [2026-02-25T01:25:53.484Z] Error: EPERM: operation not permitted, open 'C:\Users\gerar\.config\configstore\firebase-tools.json.2912579574'
    at Object.openSync (node:fs:562:18)
    at Function.writeFileSync [as sync] (C:\Users\gerar\Proyectos\landing-page-ecoamazonico\node_modules\write-file-atomic\index.js:205:13)
    at set all (C:\Users\gerar\Proyectos\landing-page-ecoamazonico\node_modules\configstore\index.js:61:20)
    at Configstore.set (C:\Users\gerar\Proyectos\landing-page-ecoamazonico\node_modules\configstore\index.js:91:12)
    at process.<anonymous> (C:\Users\gerar\Proyectos\landing-page-ecoamazonico\node_modules\firebase-tools\lib\bin\cli.js:62:39)
    at process.emit (node:events:530:35)
    at process.processEmit [as emit] (C:\Users\gerar\Proyectos\landing-page-ecoamazonico\node_modules\write-file-atomic\node_modules\signal-exit\index.js:191:37)
    at process.exit (node:internal/process/per_thread:184:15)
    at Timeout._onTimeout (C:\Users\gerar\Proyectos\landing-page-ecoamazonico\node_modules\firebase-tools\lib\errorOut.js:20:17)
    at listOnTimeout (node:internal/timers:594:17)
[error] 
[error] Error: An unexpected error has occurred.
